android/app/build/intermediates/manifest_merge_blame_file/debug/manifest-merger-blame-debug-report.txt
1<?xml version="1.0" encoding="utf-8"?>
2<manifest xmlns:android="http://schemas.android.com/apk/res/android"
3    package="com.shipment.app"
4    android:versionCode="1"
5    android:versionName="1.0" >
6
7    <uses-sdk
8        android:minSdkVersion="24"
9        android:targetSdkVersion="34" />
10
11    <!-- Permissions -->
12    <uses-permission android:name="android.permission.INTERNET" />
12-->src/main/AndroidManifest.xml:5:5-67
12-->src/main/AndroidManifest.xml:5:22-64
13    <uses-permission android:name="android.permission.ACCESS_NETWORK_STATE" />
13-->src/main/AndroidManifest.xml:6:5-79
13-->src/main/AndroidManifest.xml:6:22-76
14    <uses-permission android:name="android.permission.ACCESS_WIFI_STATE" />
14-->src/main/AndroidManifest.xml:7:5-76
14-->src/main/AndroidManifest.xml:7:22-73
15    <uses-permission android:name="android.permission.WRITE_EXTERNAL_STORAGE" />
15-->src/main/AndroidManifest.xml:8:5-81
15-->src/main/AndroidManifest.xml:8:22-78
16    <uses-permission android:name="android.permission.READ_EXTERNAL_STORAGE" />
16-->src/main/AndroidManifest.xml:9:5-80
16-->src/main/AndroidManifest.xml:9:22-77
17    <uses-permission android:name="android.permission.CAMERA" />
17-->src/main/AndroidManifest.xml:10:5-65
17-->src/main/AndroidManifest.xml:10:22-62
18    <uses-permission android:name="android.permission.POST_NOTIFICATIONS" />
18-->src/main/AndroidManifest.xml:11:5-77
18-->src/main/AndroidManifest.xml:11:22-74
19
20    <!-- Camera features -->
21    <uses-feature android:name="android.hardware.camera" />
21-->src/main/AndroidManifest.xml:14:5-60
21-->src/main/AndroidManifest.xml:14:19-57
22    <uses-feature android:name="android.hardware.camera.autofocus" />
22-->src/main/AndroidManifest.xml:15:5-70
22-->src/main/AndroidManifest.xml:15:19-67
23
24    <permission
24-->[androidx.core:core:1.9.0] AndroidManifest.xml:22:5-24:47
25        android:name="com.shipment.app.DYNAMIC_RECEIVER_NOT_EXPORTED_PERMISSION"
25-->[androidx.core:core:1.9.0] AndroidManifest.xml:23:9-81
26        android:protectionLevel="signature" />
26-->[androidx.core:core:1.9.0] AndroidManifest.xml:24:9-44
27
28    <uses-permission android:name="com.shipment.app.DYNAMIC_RECEIVER_NOT_EXPORTED_PERMISSION" />
28-->[androidx.core:core:1.9.0] AndroidManifest.xml:26:5-97
28-->[androidx.core:core:1.9.0] AndroidManifest.xml:26:22-94
29
30    <application
30-->src/main/AndroidManifest.xml:17:5-49:19
31        android:name="com.shipment.app.ShipmentApplication"
31-->src/main/AndroidManifest.xml:18:9-44
32        android:allowBackup="true"
32-->src/main/AndroidManifest.xml:19:9-35
33        android:appComponentFactory="androidx.core.app.CoreComponentFactory"
33-->[androidx.core:core:1.9.0] AndroidManifest.xml:28:18-86
34        android:debuggable="true"
35        android:enableOnBackInvokedCallback="true"
35-->src/main/AndroidManifest.xml:27:9-51
36        android:extractNativeLibs="false"
37        android:hardwareAccelerated="true"
37-->src/main/AndroidManifest.xml:26:9-43
38        android:icon="@mipmap/ic_launcher"
38-->src/main/AndroidManifest.xml:20:9-43
39        android:label="@string/app_name"
39-->src/main/AndroidManifest.xml:21:9-41
40        android:roundIcon="@mipmap/ic_launcher_round"
40-->src/main/AndroidManifest.xml:22:9-54
41        android:supportsRtl="true"
41-->src/main/AndroidManifest.xml:23:9-35
42        android:testOnly="true"
43        android:theme="@style/AppTheme"
43-->src/main/AndroidManifest.xml:24:9-40
44        android:usesCleartextTraffic="true" >
44-->src/main/AndroidManifest.xml:25:9-44
45        <activity
45-->src/main/AndroidManifest.xml:29:9-48:20
46            android:name="com.shipment.app.MainActivity"
46-->src/main/AndroidManifest.xml:30:13-41
47            android:configChanges="orientation|screenSize"
47-->src/main/AndroidManifest.xml:31:13-59
48            android:exported="true"
48-->src/main/AndroidManifest.xml:32:13-36
49            android:launchMode="singleTask" >
49-->src/main/AndroidManifest.xml:33:13-44
50            <intent-filter>
50-->src/main/AndroidManifest.xml:34:13-37:29
51                <action android:name="android.intent.action.MAIN" />
51-->src/main/AndroidManifest.xml:35:17-69
51-->src/main/AndroidManifest.xml:35:25-66
52
53                <category android:name="android.intent.category.LAUNCHER" />
53-->src/main/AndroidManifest.xml:36:17-77
53-->src/main/AndroidManifest.xml:36:27-74
54            </intent-filter>
55
56            <!-- Deep linking -->
57            <intent-filter>
57-->src/main/AndroidManifest.xml:40:13-47:29
58                <action android:name="android.intent.action.VIEW" />
58-->src/main/AndroidManifest.xml:41:17-69
58-->src/main/AndroidManifest.xml:41:25-66
59
60                <category android:name="android.intent.category.DEFAULT" />
60-->src/main/AndroidManifest.xml:42:17-76
60-->src/main/AndroidManifest.xml:42:27-73
61                <category android:name="android.intent.category.BROWSABLE" />
61-->src/main/AndroidManifest.xml:43:17-78
61-->src/main/AndroidManifest.xml:43:27-75
62
63                <data
63-->src/main/AndroidManifest.xml:44:17-46:46
64                    android:host="shipment.app"
64-->src/main/AndroidManifest.xml:45:21-48
65                    android:scheme="https" />
65-->src/main/AndroidManifest.xml:46:21-43
66            </intent-filter>
67        </activity>
68
69        <service
69-->[androidx.camera:camera-camera2:1.3.1] AndroidManifest.xml:24:9-33:19
70            android:name="androidx.camera.core.impl.MetadataHolderService"
70-->[androidx.camera:camera-camera2:1.3.1] AndroidManifest.xml:25:13-75
71            android:enabled="false"
71-->[androidx.camera:camera-camera2:1.3.1] AndroidManifest.xml:26:13-36
72            android:exported="false" >
72-->[androidx.camera:camera-camera2:1.3.1] AndroidManifest.xml:27:13-37
73            <meta-data
73-->[androidx.camera:camera-camera2:1.3.1] AndroidManifest.xml:30:13-32:89
74                android:name="androidx.camera.core.impl.MetadataHolderService.DEFAULT_CONFIG_PROVIDER"
74-->[androidx.camera:camera-camera2:1.3.1] AndroidManifest.xml:31:17-103
75                android:value="androidx.camera.camera2.Camera2Config$DefaultProvider" />
75-->[androidx.camera:camera-camera2:1.3.1] AndroidManifest.xml:32:17-86
76        </service>
77
78        <meta-data
78-->[com.github.bumptech.glide:okhttp3-integration:4.15.1] AndroidManifest.xml:10:9-12:43
79            android:name="com.bumptech.glide.integration.okhttp3.OkHttpGlideModule"
79-->[com.github.bumptech.glide:okhttp3-integration:4.15.1] AndroidManifest.xml:11:13-84
80            android:value="GlideModule" />
80-->[com.github.bumptech.glide:okhttp3-integration:4.15.1] AndroidManifest.xml:12:13-40
81
82        <service
82-->[com.google.android.gms:play-services-mlkit-barcode-scanning:18.3.0] AndroidManifest.xml:9:9-15:19
83            android:name="com.google.mlkit.common.internal.MlKitComponentDiscoveryService"
83-->[com.google.android.gms:play-services-mlkit-barcode-scanning:18.3.0] AndroidManifest.xml:10:13-91
84            android:directBootAware="true"
84-->[com.google.mlkit:common:18.9.0] AndroidManifest.xml:17:13-43
85            android:exported="false" >
85-->[com.google.android.gms:play-services-mlkit-barcode-scanning:18.3.0] AndroidManifest.xml:11:13-37
86            <meta-data
86-->[com.google.android.gms:play-services-mlkit-barcode-scanning:18.3.0] AndroidManifest.xml:12:13-14:85
87                android:name="com.google.firebase.components:com.google.mlkit.vision.barcode.internal.BarcodeRegistrar"
87-->[com.google.android.gms:play-services-mlkit-barcode-scanning:18.3.0] AndroidManifest.xml:13:17-120
88                android:value="com.google.firebase.components.ComponentRegistrar" />
88-->[com.google.android.gms:play-services-mlkit-barcode-scanning:18.3.0] AndroidManifest.xml:14:17-82
89            <meta-data
89-->[com.google.mlkit:vision-common:17.3.0] AndroidManifest.xml:12:13-14:85
90                android:name="com.google.firebase.components:com.google.mlkit.vision.common.internal.VisionCommonRegistrar"
90-->[com.google.mlkit:vision-common:17.3.0] AndroidManifest.xml:13:17-124
91                android:value="com.google.firebase.components.ComponentRegistrar" />
91-->[com.google.mlkit:vision-common:17.3.0] AndroidManifest.xml:14:17-82
92            <meta-data
92-->[com.google.mlkit:common:18.9.0] AndroidManifest.xml:20:13-22:85
93                android:name="com.google.firebase.components:com.google.mlkit.common.internal.CommonComponentRegistrar"
93-->[com.google.mlkit:common:18.9.0] AndroidManifest.xml:21:17-120
94                android:value="com.google.firebase.components.ComponentRegistrar" />
94-->[com.google.mlkit:common:18.9.0] AndroidManifest.xml:22:17-82
95        </service>
96
97        <provider
97-->[com.google.mlkit:common:18.9.0] AndroidManifest.xml:9:9-13:38
98            android:name="com.google.mlkit.common.internal.MlKitInitProvider"
98-->[com.google.mlkit:common:18.9.0] AndroidManifest.xml:10:13-78
99            android:authorities="com.shipment.app.mlkitinitprovider"
99-->[com.google.mlkit:common:18.9.0] AndroidManifest.xml:11:13-69
100            android:exported="false"
100-->[com.google.mlkit:common:18.9.0] AndroidManifest.xml:12:13-37
101            android:initOrder="99" />
101-->[com.google.mlkit:common:18.9.0] AndroidManifest.xml:13:13-35
102
103        <activity
103-->[com.google.android.gms:play-services-base:18.1.0] AndroidManifest.xml:20:9-22:45
104            android:name="com.google.android.gms.common.api.GoogleApiActivity"
104-->[com.google.android.gms:play-services-base:18.1.0] AndroidManifest.xml:20:19-85
105            android:exported="false"
105-->[com.google.android.gms:play-services-base:18.1.0] AndroidManifest.xml:22:19-43
106            android:theme="@android:style/Theme.Translucent.NoTitleBar" />
106-->[com.google.android.gms:play-services-base:18.1.0] AndroidManifest.xml:21:19-78
107
108        <meta-data
108-->[com.google.android.gms:play-services-basement:18.1.0] AndroidManifest.xml:21:9-23:69
109            android:name="com.google.android.gms.version"
109-->[com.google.android.gms:play-services-basement:18.1.0] AndroidManifest.xml:22:13-58
110            android:value="@integer/google_play_services_version" />
110-->[com.google.android.gms:play-services-basement:18.1.0] AndroidManifest.xml:23:13-66
111
112        <provider
112-->[androidx.emoji2:emoji2:1.2.0] AndroidManifest.xml:24:9-32:20
113            android:name="androidx.startup.InitializationProvider"
113-->[androidx.emoji2:emoji2:1.2.0] AndroidManifest.xml:25:13-67
114            android:authorities="com.shipment.app.androidx-startup"
114-->[androidx.emoji2:emoji2:1.2.0] AndroidManifest.xml:26:13-68
115            android:exported="false" >
115-->[androidx.emoji2:emoji2:1.2.0] AndroidManifest.xml:27:13-37
116            <meta-data
116-->[androidx.emoji2:emoji2:1.2.0] AndroidManifest.xml:29:13-31:52
117                android:name="androidx.emoji2.text.EmojiCompatInitializer"
117-->[androidx.emoji2:emoji2:1.2.0] AndroidManifest.xml:30:17-75
118                android:value="androidx.startup" />
118-->[androidx.emoji2:emoji2:1.2.0] AndroidManifest.xml:31:17-49
119            <meta-data
119-->[androidx.lifecycle:lifecycle-process:2.6.1] AndroidManifest.xml:29:13-31:52
120                android:name="androidx.lifecycle.ProcessLifecycleInitializer"
120-->[androidx.lifecycle:lifecycle-process:2.6.1] AndroidManifest.xml:30:17-78
121                android:value="androidx.startup" />
121-->[androidx.lifecycle:lifecycle-process:2.6.1] AndroidManifest.xml:31:17-49
122            <meta-data
122-->[androidx.profileinstaller:profileinstaller:1.3.0] AndroidManifest.xml:29:13-31:52
123                android:name="androidx.profileinstaller.ProfileInstallerInitializer"
123-->[androidx.profileinstaller:profileinstaller:1.3.0] AndroidManifest.xml:30:17-85
124                android:value="androidx.startup" />
124-->[androidx.profileinstaller:profileinstaller:1.3.0] AndroidManifest.xml:31:17-49
125        </provider>
126
127        <uses-library
127-->[androidx.window:window:1.0.0] AndroidManifest.xml:25:9-27:40
128            android:name="androidx.window.extensions"
128-->[androidx.window:window:1.0.0] AndroidManifest.xml:26:13-54
129            android:required="false" />
129-->[androidx.window:window:1.0.0] AndroidManifest.xml:27:13-37
130        <uses-library
130-->[androidx.window:window:1.0.0] AndroidManifest.xml:28:9-30:40
131            android:name="androidx.window.sidecar"
131-->[androidx.window:window:1.0.0] AndroidManifest.xml:29:13-51
132            android:required="false" />
132-->[androidx.window:window:1.0.0] AndroidManifest.xml:30:13-37
133
134        <receiver
134-->[androidx.profileinstaller:profileinstaller:1.3.0] AndroidManifest.xml:34:9-52:20
135            android:name="androidx.profileinstaller.ProfileInstallReceiver"
135-->[androidx.profileinstaller:profileinstaller:1.3.0] AndroidManifest.xml:35:13-76
136            android:directBootAware="false"
136-->[androidx.profileinstaller:profileinstaller:1.3.0] AndroidManifest.xml:36:13-44
137            android:enabled="true"
137-->[androidx.profileinstaller:profileinstaller:1.3.0] AndroidManifest.xml:37:13-35
138            android:exported="true"
138-->[androidx.profileinstaller:profileinstaller:1.3.0] AndroidManifest.xml:38:13-36
139            android:permission="android.permission.DUMP" >
139-->[androidx.profileinstaller:profileinstaller:1.3.0] AndroidManifest.xml:39:13-57
140            <intent-filter>
140-->[androidx.profileinstaller:profileinstaller:1.3.0] AndroidManifest.xml:40:13-42:29
141                <action android:name="androidx.profileinstaller.action.INSTALL_PROFILE" />
141-->[androidx.profileinstaller:profileinstaller:1.3.0] AndroidManifest.xml:41:17-91
141-->[androidx.profileinstaller:profileinstaller:1.3.0] AndroidManifest.xml:41:25-88
142            </intent-filter>
143            <intent-filter>
143-->[androidx.profileinstaller:profileinstaller:1.3.0] AndroidManifest.xml:43:13-45:29
144                <action android:name="androidx.profileinstaller.action.SKIP_FILE" />
144-->[androidx.profileinstaller:profileinstaller:1.3.0] AndroidManifest.xml:44:17-85
144-->[androidx.profileinstaller:profileinstaller:1.3.0] AndroidManifest.xml:44:25-82
145            </intent-filter>
146            <intent-filter>
146-->[androidx.profileinstaller:profileinstaller:1.3.0] AndroidManifest.xml:46:13-48:29
147                <action android:name="androidx.profileinstaller.action.SAVE_PROFILE" />
147-->[androidx.profileinstaller:profileinstaller:1.3.0] AndroidManifest.xml:47:17-88
147-->[androidx.profileinstaller:profileinstaller:1.3.0] AndroidManifest.xml:47:25-85
148            </intent-filter>
149            <intent-filter>
149-->[androidx.profileinstaller:profileinstaller:1.3.0] AndroidManifest.xml:49:13-51:29
150                <action android:name="androidx.profileinstaller.action.BENCHMARK_OPERATION" />
150-->[androidx.profileinstaller:profileinstaller:1.3.0] AndroidManifest.xml:50:17-95
150-->[androidx.profileinstaller:profileinstaller:1.3.0] AndroidManifest.xml:50:25-92
151            </intent-filter>
152        </receiver>
153
154        <service
154-->[com.google.android.datatransport:transport-backend-cct:2.3.3] AndroidManifest.xml:29:9-35:19
155            android:name="com.google.android.datatransport.runtime.backends.TransportBackendDiscovery"
155-->[com.google.android.datatransport:transport-backend-cct:2.3.3] AndroidManifest.xml:30:13-103
156            android:exported="false" >
156-->[com.google.android.datatransport:transport-backend-cct:2.3.3] AndroidManifest.xml:31:13-37
157            <meta-data
157-->[com.google.android.datatransport:transport-backend-cct:2.3.3] AndroidManifest.xml:32:13-34:39
158                android:name="backend:com.google.android.datatransport.cct.CctBackendFactory"
158-->[com.google.android.datatransport:transport-backend-cct:2.3.3] AndroidManifest.xml:33:17-94
159                android:value="cct" />
159-->[com.google.android.datatransport:transport-backend-cct:2.3.3] AndroidManifest.xml:34:17-36
160        </service>
161        <service
161-->[com.google.android.datatransport:transport-runtime:2.2.6] AndroidManifest.xml:26:9-30:19
162            android:name="com.google.android.datatransport.runtime.scheduling.jobscheduling.JobInfoSchedulerService"
162-->[com.google.android.datatransport:transport-runtime:2.2.6] AndroidManifest.xml:27:13-117
163            android:exported="false"
163-->[com.google.android.datatransport:transport-runtime:2.2.6] AndroidManifest.xml:28:13-37
164            android:permission="android.permission.BIND_JOB_SERVICE" >
164-->[com.google.android.datatransport:transport-runtime:2.2.6] AndroidManifest.xml:29:13-69
165        </service>
166
167        <receiver
167-->[com.google.android.datatransport:transport-runtime:2.2.6] AndroidManifest.xml:32:9-34:40
168            android:name="com.google.android.datatransport.runtime.scheduling.jobscheduling.AlarmManagerSchedulerBroadcastReceiver"
168-->[com.google.android.datatransport:transport-runtime:2.2.6] AndroidManifest.xml:33:13-132
169            android:exported="false" />
169-->[com.google.android.datatransport:transport-runtime:2.2.6] AndroidManifest.xml:34:13-37
170    </application>
171
172</manifest>